<?xml version="1.0" encoding="UTF-8"?>
<!-- Generated by org.testng.reporters.JUnitXMLReporter -->
<testsuite ignored="0" hostname="DESKTOP-FSPHPC9" failures="0" tests="7" name="Surefire test" time="0.172" errors="0" timestamp="19 Jan 2021 18:48:05 GMT">
  <testcase classname="rahulshettyacademy.MavenJava.AppiumTest" name="iosApp on iosApp(rahulshettyacademy.MavenJava.AppiumTest)" time="0.023"/>
  <testcase classname="rahulshettyacademy.MavenJava.AppiumTest" name="nativeAppAndroid on nativeAppAndroid(rahulshettyacademy.MavenJava.AppiumTest)" time="0.024"/>
  <testcase classname="rahulshettyacademy.MavenJava.AppTest" name="shouldAnswerWithTrue on shouldAnswerWithTrue(rahulshettyacademy.MavenJava.AppTest)" time="0.005"/>
  <testcase classname="rahulshettyacademy.MavenJava.RESTAPITest" name="deleteTwitter on deleteTwitter(rahulshettyacademy.MavenJava.RESTAPITest)" time="0.003"/>
  <testcase classname="rahulshettyacademy.MavenJava.RESTAPITest" name="postJira on postJira(rahulshettyacademy.MavenJava.RESTAPITest)" time="0.004"/>
  <testcase classname="rahulshettyacademy.MavenJava.SeleniumTest" name="pageAutomation on pageAutomation(rahulshettyacademy.MavenJava.SeleniumTest)" time="0.004"/>
  <testcase classname="rahulshettyacademy.MavenJava.SeleniumTest" name="browserAutomation on browserAutomation(rahulshettyacademy.MavenJava.SeleniumTest)" time="0.004"/>
</testsuite> <!-- Surefire test -->
